<?xml version="1.0" encoding="UTF-8"?>
<!-- Generated by org.testng.reporters.JUnitReportReporter -->
<testsuite skipped="0" hostname="Avatars-MacBook-Air.local" name="Master.E2E_Project.HomePage_M" tests="1" failures="0" timestamp="2022-03-26T08:06:54 IST" time="7.987" errors="0">
  <testcase name="basepage_navigation" time="7.987" classname="Master.E2E_Project.HomePage_M"/>
  <system-out/>
</testsuite> <!-- Master.E2E_Project.HomePage_M -->
