<?xml version="1.0" encoding="UTF-8"?>
<!-- Generated by org.testng.reporters.JUnitReportReporter -->
<testsuite skipped="0" hostname="Avatars-MacBook-Air.local" name="Master.E2E_Project.LoginPage" tests="1" failures="0" timestamp="2022-04-03T10:40:51 IST" time="8.223" errors="0">
  <testcase name="basepage_navigation" time="8.223" classname="Master.E2E_Project.LoginPage"/>
  <system-out/>
</testsuite> <!-- Master.E2E_Project.LoginPage -->
